<?xml version="1.0" encoding="UTF-8"?>
<!-- Generated by org.testng.reporters.JUnitReportReporter -->
<testsuite hostname="LAPTOP-Q2DTLMEM" failures="0" tests="3" name="features.Priority1" time="0.016" errors="0" timestamp="2025-01-14T17:14:17 IST" skipped="0">
  <testcase classname="features.Priority1" name="AB" time="0.002"/>
  <system-out/>
  <testcase classname="features.Priority1" name="AA" time="0.013"/>
  <system-out/>
  <testcase classname="features.Priority1" name="AC" time="0.001"/>
  <system-out/>
</testsuite> <!-- features.Priority1 -->
