<?xml version="1.0" encoding="UTF-8"?>
<!-- Generated by org.testng.reporters.JUnitReportReporter -->
<testsuite hostname="LAPTOP-Q2DTLMEM" failures="0" tests="3" name="features.include_exclude01" time="15.244" errors="0" timestamp="2025-01-14T17:07:30 IST" skipped="0">
  <testcase classname="features.include_exclude01" name="Verifyepassinputfiled" time="4.108"/>
  <system-out/>
  <testcase classname="features.include_exclude01" name="Verifyemailiputfiled" time="5.150"/>
  <system-out/>
  <testcase classname="features.include_exclude01" name="VerifyeLogin" time="5.986"/>
  <system-out/>
</testsuite> <!-- features.include_exclude01 -->
