<?xml version="1.0" encoding="UTF-8"?>
<!-- Generated by org.testng.reporters.JUnitReportReporter -->
<testsuite hostname="LAPTOP-Q2DTLMEM" failures="0" tests="2" name="features.groupingprogram03" time="0.012" errors="0" timestamp="2025-01-15T09:56:48 IST" skipped="0">
  <testcase classname="features.groupingprogram03" name="m4" time="0.001"/>
  <system-out/>
  <testcase classname="features.groupingprogram03" name="m1" time="0.011"/>
  <system-out/>
</testsuite> <!-- features.groupingprogram03 -->
