<?xml version="1.0" encoding="UTF-8"?>
<!-- Generated by org.testng.reporters.JUnitReportReporter -->
<testsuite hostname="LAPTOP-Q2DTLMEM" failures="0" tests="2" name="Annotations.anotation02" time="8.938" errors="0" timestamp="2025-01-14T11:37:11 IST" skipped="0">
  <testcase classname="Annotations.anotation02" name="testcase1" time="2.445"/>
  <system-out/>
  <testcase classname="Annotations.anotation02" name="testcase2" time="6.493"/>
  <system-out/>
</testsuite> <!-- Annotations.anotation02 -->
