<?xml version="1.0" encoding="UTF-8"?>
<!-- Generated by org.testng.reporters.JUnitReportReporter -->
<testsuite hostname="LAPTOP-Q2DTLMEM" failures="0" tests="2" name="Annotations.anotation01" time="0.013" errors="0" timestamp="2025-01-14T11:22:21 IST" skipped="0">
  <testcase classname="Annotations.anotation01" name="method2" time="0.001"/>
  <system-out/>
  <testcase classname="Annotations.anotation01" name="method1" time="0.012"/>
  <system-out/>
</testsuite> <!-- Annotations.anotation01 -->
