<?xml version="1.0" encoding="UTF-8"?>
<!-- Generated by org.testng.reporters.JUnitReportReporter -->
<testsuite hostname="LAPTOP-Q2DTLMEM" failures="0" tests="4" name="features.Priority2" time="0.014" errors="0" timestamp="2025-01-14T17:15:16 IST" skipped="0">
  <testcase classname="features.Priority2" name="LogoutTest" time="0.012"/>
  <system-out/>
  <testcase classname="features.Priority2" name="LogoutTest1" time="0.001"/>
  <system-out/>
  <testcase classname="features.Priority2" name="Dashboardtest" time="0.000"/>
  <system-out/>
  <testcase classname="features.Priority2" name="LoginTest" time="0.001"/>
  <system-out/>
</testsuite> <!-- features.Priority2 -->
