<?xml version="1.0" encoding="UTF-8"?>
<!-- Generated by org.testng.reporters.JUnitReportReporter -->
<testsuite hostname="LAPTOP-Q2DTLMEM" failures="0" tests="4" name="paralleltesting.program01" time="32.570" errors="0" timestamp="2025-01-15T11:40:53 IST" skipped="0">
  <testcase classname="paralleltesting.program01" name="testMethod1" time="4.476"/>
  <system-out/>
  <testcase classname="paralleltesting.program01" name="testmethod2" time="15.469"/>
  <system-out/>
  <testcase classname="paralleltesting.program01" name="testmethod4" time="5.355"/>
  <system-out/>
  <testcase classname="paralleltesting.program01" name="testmethod3" time="7.270"/>
  <system-out/>
</testsuite> <!-- paralleltesting.program01 -->
