<?xml version="1.0" encoding="UTF-8"?>
<!-- Generated by org.testng.reporters.JUnitReportReporter -->
<testsuite hostname="LAPTOP-Q2DTLMEM" failures="0" tests="4" name="features.groupingprogram02" time="0.005" errors="0" timestamp="2025-01-15T09:45:04 IST" skipped="0">
  <testcase classname="features.groupingprogram02" name="test3" time="0.001"/>
  <system-out/>
  <testcase classname="features.groupingprogram02" name="test2" time="0.001"/>
  <system-out/>
  <testcase classname="features.groupingprogram02" name="test4" time="0.002"/>
  <system-out/>
  <testcase classname="features.groupingprogram02" name="test1" time="0.001"/>
  <system-out/>
</testsuite> <!-- features.groupingprogram02 -->
