<?xml version="1.0" encoding="UTF-8"?>
<!-- Generated by org.testng.reporters.JUnitReportReporter -->
<testsuite hostname="LAPTOP-Q2DTLMEM" failures="0" tests="3" name="features.enable_disable01" time="6.793" errors="0" timestamp="2025-01-14T17:07:30 IST" skipped="1">
  <testcase classname="features.enable_disable01" name="username" time="4.712"/>
  <system-out/>
  <testcase classname="features.enable_disable01" name="login" time="2.081"/>
  <system-out/>
  <testcase classname="features.enable_disable01" name="pass">
    <skipped/>
  </testcase> <!-- pass -->
  <system-out/>
</testsuite> <!-- features.enable_disable01 -->
