<?xml version="1.0" encoding="UTF-8"?>
<!-- Generated by org.testng.reporters.JUnitReportReporter -->
<testsuite hostname="LAPTOP-Q2DTLMEM" failures="0" tests="1" name="DEMO.demo0" time="0.011" errors="0" timestamp="2025-01-13T16:26:26 IST" skipped="0">
  <testcase classname="DEMO.demo0" name="name" time="0.011"/>
  <system-out/>
</testsuite> <!-- DEMO.demo0 -->
