<?xml version="1.0" encoding="UTF-8"?>
<!-- Generated by org.testng.reporters.JUnitReportReporter -->
<testsuite hostname="LAPTOP-Q2DTLMEM" failures="0" tests="2" name="features.parameterisation02" time="11.977" errors="0" timestamp="2025-01-15T11:04:06 IST" skipped="0">
  <testcase classname="features.parameterisation02" name="loginclick" time="6.414"/>
  <system-out/>
  <testcase classname="features.parameterisation02" name="login" time="5.563"/>
  <system-out/>
</testsuite> <!-- features.parameterisation02 -->
