<?xml version="1.0" encoding="UTF-8"?>
<!-- Generated by org.testng.reporters.JUnitReportReporter -->
<testsuite hostname="LAPTOP-Q2DTLMEM" failures="0" tests="2" name="features.parameterisation01" time="20.704" errors="0" timestamp="2025-01-15T10:46:01 IST" skipped="0">
  <testcase classname="features.parameterisation01" name="login" time="11.771"/>
  <system-out/>
  <testcase classname="features.parameterisation01" name="verifytext" time="8.933"/>
  <system-out/>
</testsuite> <!-- features.parameterisation01 -->
